[debug] ----------------------------------------------------------------------
[debug] Command:      /usr/bin/nodejs /home/jeeves/npm/bin/firebase serve
[debug] CLI Version:  3.1.0
[debug] Platform:     linux
[debug] Node Version: v7.0.0
[debug] Time:         Tue Nov 22 2016 11:51:11 GMT-0800 (PST)
[debug] ----------------------------------------------------------------------
[debug] 
[info] Starting Firebase development server...
[info] 
[info] Project Directory: /home/jeeves/WebstormProjects/friendlychat/web
[info] Public Directory: ./
[info] 
[info] Server listening at: http://localhost:5000
[info] Shutting down...
[debug] ----------------------------------------------------------------------
[debug] Command:      /usr/bin/nodejs /home/jeeves/npm/bin/firebase serve
[debug] CLI Version:  3.2.0
[debug] Platform:     linux
[debug] Node Version: v7.0.0
[debug] Time:         Tue Nov 22 2016 11:54:30 GMT-0800 (PST)
[debug] ----------------------------------------------------------------------
[debug] 
[info] Starting Firebase development server...
[info] 
[info] Project Directory: /home/jeeves/WebstormProjects/friendlychat/web
[warn] ⚠  Port 5000 is not available. Trying another port...
[info] Public Directory: ./
[info] 
[info] Server listening at: http://localhost:5001
